Gene #1 : 1 1 1 1 0 1 0 1 1 0 
Gene #2 : 1 0 0 1 1 0 1 1 1 0 
Gene #3 : 1 0 0 1 1 1 1 0 1 1 
Gene #4 : 0 0 1 1 0 1 0 0 0 1 
Gene #5 : 0 1 1 0 0 1 1 1 0 0 
Gene #6 : 0 1 0 0 0 1 1 1 1 1 
Gene #7 : 0 1 1 1 0 1 0 0 1 0 
Gene #8 : 0 1 1 1 0 0 0 1 1 0 
Gene #9 : 1 1 1 1 1 1 0 1 0 1 
Gene #10 : 0 1 1 1 0 1 1 1 0 0 
Gene #11 : 1 0 0 1 1 0 1 0 1 0 
Gene #12 : 0 0 0 0 1 1 1 1 0 0 
Gene #13 : 0 0 1 1 0 1 1 1 0 1 
Gene #14 : 1 0 1 1 1 0 1 0 0 0 
Gene #15 : 0 1 0 0 1 1 0 0 0 0 
Gene #16 : 0 1 1 1 0 1 1 1 0 1 
Gene #17 : 0 1 1 1 1 0 0 0 0 0 
Gene #18 : 1 1 1 1 1 0 1 1 1 1 
Gene #19 : 0 1 0 1 1 1 0 0 0 0 
Gene #20 : 1 1 1 1 0 0 1 0 1 0 
Gene #21 : 1 0 1 0 1 0 1 0 0 0 
Gene #22 : 0 0 1 0 1 0 1 1 0 0 
Gene #23 : 1 0 1 0 1 1 1 0 0 0 
Gene #24 : 0 1 0 1 1 1 0 0 0 0 
Gene #25 : 0 0 0 0 0 1 0 0 0 1 
Gene #26 : 0 1 1 1 1 0 0 0 0 0 
Gene #27 : 0 1 1 0 0 1 0 0 1 0 
Gene #28 : 0 0 0 0 0 0 1 0 0 1 
Gene #29 : 1 0 0 0 1 0 0 0 0 1 
Gene #30 : 0 1 0 0 1 0 1 1 1 0 
Gene #31 : 1 1 0 1 0 0 0 1 1 0 
Gene #32 : 1 0 1 1 1 0 1 1 0 0 
Gene #33 : 0 1 1 0 1 0 1 0 0 0 
Gene #34 : 0 1 1 1 1 1 1 1 1 0 
Gene #35 : 1 0 1 0 1 0 1 1 1 1 
Gene #36 : 1 0 0 0 0 1 0 1 1 0 
Gene #37 : 1 0 0 1 1 1 0 0 0 1 
Gene #38 : 1 1 1 0 0 1 0 1 0 1 
Gene #39 : 0 1 1 1 1 0 0 1 1 0 
Gene #40 : 0 1 0 0 0 1 1 0 1 1 
Gene #41 : 0 0 0 1 0 0 0 0 1 0 
Gene #42 : 0 0 1 1 1 0 1 1 0 1 
Gene #43 : 1 0 0 1 0 0 0 1 0 0 
Gene #44 : 0 0 0 0 0 1 1 0 1 0 
Gene #45 : 1 1 0 0 1 1 1 0 1 1 
Gene #46 : 1 0 1 1 0 1 1 0 0 0 
Gene #47 : 0 0 0 1 0 0 0 1 1 1 
Gene #48 : 0 0 1 0 0 0 0 1 0 1 
Gene #49 : 0 0 1 1 1 1 0 1 0 0 
Gene #50 : 1 0 0 1 1 1 0 1 0 1 
Gene #51 : 1 0 1 0 1 1 0 1 1 0 
Gene #52 : 0 1 0 1 1 0 1 1 1 1 
Gene #53 : 0 0 1 0 1 1 1 1 0 0 
Gene #54 : 0 1 0 1 1 1 1 1 0 0 
Gene #55 : 0 0 1 0 0 0 0 1 0 1 
Gene #56 : 0 0 1 1 0 1 0 0 0 1 
Gene #57 : 0 1 0 0 0 0 0 1 1 0 
Gene #58 : 1 1 1 1 0 1 1 0 0 1 
Gene #59 : 0 0 1 1 1 0 0 0 0 1 
Gene #60 : 1 0 0 1 0 0 1 0 0 1 
Gene #61 : 1 1 0 0 0 0 1 0 1 1 
Gene #62 : 1 1 1 1 0 0 1 1 0 1 
Gene #63 : 0 1 1 0 1 1 0 0 0 0 
Gene #64 : 1 1 0 0 1 0 0 0 0 1 
1st Generation : 3.718750
0 0 0 0 0 0 0 1 0 1 
0 0 0 1 0 1 0 0 1 -1 
0 0 0 0 0 0 0 0 0 0 
0 1 0 0 0 0 0 1 0 -1 
0 0 0 0 0 0 0 1 1 -1 
0 1 0 0 0 0 0 0 1 1 
0 0 0 0 0 0 0 0 1 0 
1 0 0 1 1 0 0 0 0 0 
0 1 0 0 1 1 1 0 0 0 
1 -1 0 -1 -1 1 0 0 0 0 
